<?xml version="1.0" encoding="UTF-8"?>
<testng-results ignored="0" total="3" passed="3" failed="0" skipped="0">
  <reporter-output>
  </reporter-output>
  <suite started-at="2021-05-30T20:30:36 IST" name="Default suite" finished-at="2021-05-30T20:30:43 IST" duration-ms="7584">
    <groups>
    </groups>
    <test started-at="2021-05-30T20:30:36 IST" name="Default test" finished-at="2021-05-30T20:30:43 IST" duration-ms="7584">
      <class name="Github_RestAssured_project.GitHubProject">
        <test-method is-config="true" signature="Setup()[pri:0, instance:Github_RestAssured_project.GitHubProject@2fd1433e]" started-at="2021-05-30T20:30:36 IST" name="Setup" finished-at="2021-05-30T20:30:38 IST" duration-ms="1941" status="PASS">
          <reporter-output>
          </reporter-output>
        </test-method> <!-- Setup -->
        <test-method signature="addKey()[pri:1, instance:Github_RestAssured_project.GitHubProject@2fd1433e]" started-at="2021-05-30T20:30:38 IST" name="addKey" finished-at="2021-05-30T20:30:42 IST" duration-ms="4614" status="PASS">
          <reporter-output>
          </reporter-output>
        </test-method> <!-- addKey -->
        <test-method signature="getKeys()[pri:2, instance:Github_RestAssured_project.GitHubProject@2fd1433e]" started-at="2021-05-30T20:30:42 IST" name="getKeys" finished-at="2021-05-30T20:30:43 IST" duration-ms="477" status="PASS">
          <reporter-output>
          </reporter-output>
        </test-method> <!-- getKeys -->
        <test-method signature="deleteKeys()[pri:3, instance:Github_RestAssured_project.GitHubProject@2fd1433e]" started-at="2021-05-30T20:30:43 IST" name="deleteKeys" finished-at="2021-05-30T20:30:43 IST" duration-ms="459" status="PASS">
          <reporter-output>
          </reporter-output>
        </test-method> <!-- deleteKeys -->
      </class> <!-- Github_RestAssured_project.GitHubProject -->
    </test> <!-- Default test -->
  </suite> <!-- Default suite -->
</testng-results>
